[    2884ms] [WARNING] Image with src "http://localhost:3000/logo.svg" has either width or height modified, but not the other. If you use CSS to change the size of your image, also include the styles 'width: "auto"' or 'height: "auto"' to maintain the aspect ratio. @ webpack-internal:///(app-pages-browser)/./node_modules/next/dist/shared/lib/utils/warn-once.js:15
[    4140ms] [ERROR] Failed to load resource: the server responded with a status of 400 (Bad Request) @ http://localhost:3000/_next/image?url=https%3A%2F%2Fplacehold.co%2F800x800%2F1a1a1a%2Fffffff%3Ftext%3DShoulder%2BBag&w=384&q=75:0
[    4144ms] [ERROR] Failed to load resource: the server responded with a status of 400 (Bad Request) @ http://localhost:3000/_next/image?url=https%3A%2F%2Fplacehold.co%2F800x800%2F1a1a1a%2Fffffff%3Ftext%3DBucket%2BHat&w=384&q=75:0
[    9214ms] [WARNING] The resource http://localhost:3000/_next/static/css/app/layout.css?v=1771143638396 was preloaded using link preload but not used within a few seconds from the window's load event. Please make sure it has an appropriate `as` value and it is preloaded intentionally. @ http://localhost:3000/category/acessrios:0
[    9905ms] [WARNING] Image with src "https://d4lgxe9bm8juw.cloudfront.net/products/Acesso%CC%81rios/1/78f9fa3b_c793_472a_b183_e32495033da2.jpg" was detected as the Largest Contentful Paint (LCP). Please add the "priority" property if this image is above the fold.
Read more: https://nextjs.org/docs/api-reference/next/image#priority @ webpack-internal:///(app-pages-browser)/./node_modules/next/dist/shared/lib/utils/warn-once.js:15
[   13965ms] [WARNING] The resource http://localhost:3000/_next/static/css/app/layout.css?v=1771143643829 was preloaded using link preload but not used within a few seconds from the window's load event. Please make sure it has an appropriate `as` value and it is preloaded intentionally. @ http://localhost:3000/category/acessrios:0
[   13966ms] [WARNING] The resource http://localhost:3000/_next/static/css/app/layout.css?v=1771143638396 was preloaded using link preload but not used within a few seconds from the window's load event. Please make sure it has an appropriate `as` value and it is preloaded intentionally. @ http://localhost:3000/category/acessrios:0
[   18129ms] [WARNING] The resource http://localhost:3000/_next/static/css/app/layout.css?v=1771143643829 was preloaded using link preload but not used within a few seconds from the window's load event. Please make sure it has an appropriate `as` value and it is preloaded intentionally. @ http://localhost:3000/category/acessrios:0
[   18129ms] [WARNING] The resource http://localhost:3000/_next/static/css/app/layout.css?v=1771143638396 was preloaded using link preload but not used within a few seconds from the window's load event. Please make sure it has an appropriate `as` value and it is preloaded intentionally. @ http://localhost:3000/category/acessrios:0
[   22236ms] [WARNING] The resource http://localhost:3000/_next/static/css/app/layout.css?v=1771143643829 was preloaded using link preload but not used within a few seconds from the window's load event. Please make sure it has an appropriate `as` value and it is preloaded intentionally. @ http://localhost:3000/category/acessrios:0
[   22236ms] [WARNING] The resource http://localhost:3000/_next/static/css/app/layout.css?v=1771143638396 was preloaded using link preload but not used within a few seconds from the window's load event. Please make sure it has an appropriate `as` value and it is preloaded intentionally. @ http://localhost:3000/category/acessrios:0
[   26212ms] [WARNING] The resource http://localhost:3000/_next/static/css/app/layout.css?v=1771143643829 was preloaded using link preload but not used within a few seconds from the window's load event. Please make sure it has an appropriate `as` value and it is preloaded intentionally. @ http://localhost:3000/category/acessrios:0
[   26212ms] [WARNING] The resource http://localhost:3000/_next/static/css/app/layout.css?v=1771143638396 was preloaded using link preload but not used within a few seconds from the window's load event. Please make sure it has an appropriate `as` value and it is preloaded intentionally. @ http://localhost:3000/category/acessrios:0
[   30297ms] [WARNING] The resource http://localhost:3000/_next/static/css/app/layout.css?v=1771143643829 was preloaded using link preload but not used within a few seconds from the window's load event. Please make sure it has an appropriate `as` value and it is preloaded intentionally. @ http://localhost:3000/category/acessrios:0
[   30297ms] [WARNING] The resource http://localhost:3000/_next/static/css/app/layout.css?v=1771143638396 was preloaded using link preload but not used within a few seconds from the window's load event. Please make sure it has an appropriate `as` value and it is preloaded intentionally. @ http://localhost:3000/category/acessrios:0
[   35021ms] [WARNING] The resource http://localhost:3000/_next/static/css/app/layout.css?v=1771143643829 was preloaded using link preload but not used within a few seconds from the window's load event. Please make sure it has an appropriate `as` value and it is preloaded intentionally. @ http://localhost:3000/category/acessrios:0
[   35021ms] [WARNING] The resource http://localhost:3000/_next/static/css/app/layout.css?v=1771143638396 was preloaded using link preload but not used within a few seconds from the window's load event. Please make sure it has an appropriate `as` value and it is preloaded intentionally. @ http://localhost:3000/category/acessrios:0
[   39154ms] [WARNING] The resource http://localhost:3000/_next/static/css/app/layout.css?v=1771143643829 was preloaded using link preload but not used within a few seconds from the window's load event. Please make sure it has an appropriate `as` value and it is preloaded intentionally. @ http://localhost:3000/category/acessrios:0
[   39154ms] [WARNING] The resource http://localhost:3000/_next/static/css/app/layout.css?v=1771143638396 was preloaded using link preload but not used within a few seconds from the window's load event. Please make sure it has an appropriate `as` value and it is preloaded intentionally. @ http://localhost:3000/category/acessrios:0
[   43140ms] [WARNING] The resource http://localhost:3000/_next/static/css/app/layout.css?v=1771143643829 was preloaded using link preload but not used within a few seconds from the window's load event. Please make sure it has an appropriate `as` value and it is preloaded intentionally. @ http://localhost:3000/category/acessrios:0
[   43140ms] [WARNING] The resource http://localhost:3000/_next/static/css/app/layout.css?v=1771143638396 was preloaded using link preload but not used within a few seconds from the window's load event. Please make sure it has an appropriate `as` value and it is preloaded intentionally. @ http://localhost:3000/category/acessrios:0
[   47212ms] [WARNING] The resource http://localhost:3000/_next/static/css/app/layout.css?v=1771143643829 was preloaded using link preload but not used within a few seconds from the window's load event. Please make sure it has an appropriate `as` value and it is preloaded intentionally. @ http://localhost:3000/category/acessrios:0
[   47212ms] [WARNING] The resource http://localhost:3000/_next/static/css/app/layout.css?v=1771143638396 was preloaded using link preload but not used within a few seconds from the window's load event. Please make sure it has an appropriate `as` value and it is preloaded intentionally. @ http://localhost:3000/category/acessrios:0
[   51217ms] [WARNING] The resource http://localhost:3000/_next/static/css/app/layout.css?v=1771143643829 was preloaded using link preload but not used within a few seconds from the window's load event. Please make sure it has an appropriate `as` value and it is preloaded intentionally. @ http://localhost:3000/category/acessrios:0
[   51217ms] [WARNING] The resource http://localhost:3000/_next/static/css/app/layout.css?v=1771143638396 was preloaded using link preload but not used within a few seconds from the window's load event. Please make sure it has an appropriate `as` value and it is preloaded intentionally. @ http://localhost:3000/category/acessrios:0
[   55262ms] [WARNING] The resource http://localhost:3000/_next/static/css/app/layout.css?v=1771143643829 was preloaded using link preload but not used within a few seconds from the window's load event. Please make sure it has an appropriate `as` value and it is preloaded intentionally. @ http://localhost:3000/category/acessrios:0
[   55262ms] [WARNING] The resource http://localhost:3000/_next/static/css/app/layout.css?v=1771143638396 was preloaded using link preload but not used within a few seconds from the window's load event. Please make sure it has an appropriate `as` value and it is preloaded intentionally. @ http://localhost:3000/category/acessrios:0
[   59211ms] [WARNING] The resource http://localhost:3000/_next/static/css/app/layout.css?v=1771143643829 was preloaded using link preload but not used within a few seconds from the window's load event. Please make sure it has an appropriate `as` value and it is preloaded intentionally. @ http://localhost:3000/category/acessrios:0
[   59211ms] [WARNING] The resource http://localhost:3000/_next/static/css/app/layout.css?v=1771143638396 was preloaded using link preload but not used within a few seconds from the window's load event. Please make sure it has an appropriate `as` value and it is preloaded intentionally. @ http://localhost:3000/category/acessrios:0
[   63044ms] [WARNING] The resource http://localhost:3000/_next/static/css/app/layout.css?v=1771143643829 was preloaded using link preload but not used within a few seconds from the window's load event. Please make sure it has an appropriate `as` value and it is preloaded intentionally. @ http://localhost:3000/category/acessrios:0
[   63044ms] [WARNING] The resource http://localhost:3000/_next/static/css/app/layout.css?v=1771143638396 was preloaded using link preload but not used within a few seconds from the window's load event. Please make sure it has an appropriate `as` value and it is preloaded intentionally. @ http://localhost:3000/category/acessrios:0
[   67208ms] [WARNING] The resource http://localhost:3000/_next/static/css/app/layout.css?v=1771143643829 was preloaded using link preload but not used within a few seconds from the window's load event. Please make sure it has an appropriate `as` value and it is preloaded intentionally. @ http://localhost:3000/category/acessrios:0
[   67208ms] [WARNING] The resource http://localhost:3000/_next/static/css/app/layout.css?v=1771143638396 was preloaded using link preload but not used within a few seconds from the window's load event. Please make sure it has an appropriate `as` value and it is preloaded intentionally. @ http://localhost:3000/category/acessrios:0
[   71263ms] [WARNING] The resource http://localhost:3000/_next/static/css/app/layout.css?v=1771143643829 was preloaded using link preload but not used within a few seconds from the window's load event. Please make sure it has an appropriate `as` value and it is preloaded intentionally. @ http://localhost:3000/category/acessrios:0
[   71263ms] [WARNING] The resource http://localhost:3000/_next/static/css/app/layout.css?v=1771143638396 was preloaded using link preload but not used within a few seconds from the window's load event. Please make sure it has an appropriate `as` value and it is preloaded intentionally. @ http://localhost:3000/category/acessrios:0
[   75209ms] [WARNING] The resource http://localhost:3000/_next/static/css/app/layout.css?v=1771143643829 was preloaded using link preload but not used within a few seconds from the window's load event. Please make sure it has an appropriate `as` value and it is preloaded intentionally. @ http://localhost:3000/category/acessrios:0
[   75209ms] [WARNING] The resource http://localhost:3000/_next/static/css/app/layout.css?v=1771143638396 was preloaded using link preload but not used within a few seconds from the window's load event. Please make sure it has an appropriate `as` value and it is preloaded intentionally. @ http://localhost:3000/category/acessrios:0
[   81854ms] [WARNING] The resource http://localhost:3000/_next/static/css/app/layout.css?v=1771143643829 was preloaded using link preload but not used within a few seconds from the window's load event. Please make sure it has an appropriate `as` value and it is preloaded intentionally. @ http://localhost:3000/category/acessrios:0
[   81854ms] [WARNING] The resource http://localhost:3000/_next/static/css/app/layout.css?v=1771143638396 was preloaded using link preload but not used within a few seconds from the window's load event. Please make sure it has an appropriate `as` value and it is preloaded intentionally. @ http://localhost:3000/category/acessrios:0
[   85889ms] [WARNING] The resource http://localhost:3000/_next/static/css/app/layout.css?v=1771143643829 was preloaded using link preload but not used within a few seconds from the window's load event. Please make sure it has an appropriate `as` value and it is preloaded intentionally. @ http://localhost:3000/category/acessrios:0
[   85889ms] [WARNING] The resource http://localhost:3000/_next/static/css/app/layout.css?v=1771143638396 was preloaded using link preload but not used within a few seconds from the window's load event. Please make sure it has an appropriate `as` value and it is preloaded intentionally. @ http://localhost:3000/category/acessrios:0
[   89842ms] [WARNING] The resource http://localhost:3000/_next/static/css/app/layout.css?v=1771143643829 was preloaded using link preload but not used within a few seconds from the window's load event. Please make sure it has an appropriate `as` value and it is preloaded intentionally. @ http://localhost:3000/category/acessrios:0
[   89842ms] [WARNING] The resource http://localhost:3000/_next/static/css/app/layout.css?v=1771143638396 was preloaded using link preload but not used within a few seconds from the window's load event. Please make sure it has an appropriate `as` value and it is preloaded intentionally. @ http://localhost:3000/category/acessrios:0
[   93863ms] [WARNING] The resource http://localhost:3000/_next/static/css/app/layout.css?v=1771143643829 was preloaded using link preload but not used within a few seconds from the window's load event. Please make sure it has an appropriate `as` value and it is preloaded intentionally. @ http://localhost:3000/category/acessrios:0
[   93863ms] [WARNING] The resource http://localhost:3000/_next/static/css/app/layout.css?v=1771143638396 was preloaded using link preload but not used within a few seconds from the window's load event. Please make sure it has an appropriate `as` value and it is preloaded intentionally. @ http://localhost:3000/category/acessrios:0
[   97790ms] [WARNING] The resource http://localhost:3000/_next/static/css/app/layout.css?v=1771143643829 was preloaded using link preload but not used within a few seconds from the window's load event. Please make sure it has an appropriate `as` value and it is preloaded intentionally. @ http://localhost:3000/category/acessrios:0
[   97790ms] [WARNING] The resource http://localhost:3000/_next/static/css/app/layout.css?v=1771143638396 was preloaded using link preload but not used within a few seconds from the window's load event. Please make sure it has an appropriate `as` value and it is preloaded intentionally. @ http://localhost:3000/category/acessrios:0
[  101808ms] [WARNING] The resource http://localhost:3000/_next/static/css/app/layout.css?v=1771143643829 was preloaded using link preload but not used within a few seconds from the window's load event. Please make sure it has an appropriate `as` value and it is preloaded intentionally. @ http://localhost:3000/category/acessrios:0
[  101808ms] [WARNING] The resource http://localhost:3000/_next/static/css/app/layout.css?v=1771143638396 was preloaded using link preload but not used within a few seconds from the window's load event. Please make sure it has an appropriate `as` value and it is preloaded intentionally. @ http://localhost:3000/category/acessrios:0
[  105767ms] [WARNING] The resource http://localhost:3000/_next/static/css/app/layout.css?v=1771143643829 was preloaded using link preload but not used within a few seconds from the window's load event. Please make sure it has an appropriate `as` value and it is preloaded intentionally. @ http://localhost:3000/category/acessrios:0
[  105767ms] [WARNING] The resource http://localhost:3000/_next/static/css/app/layout.css?v=1771143638396 was preloaded using link preload but not used within a few seconds from the window's load event. Please make sure it has an appropriate `as` value and it is preloaded intentionally. @ http://localhost:3000/category/acessrios:0
[  109797ms] [WARNING] The resource http://localhost:3000/_next/static/css/app/layout.css?v=1771143643829 was preloaded using link preload but not used within a few seconds from the window's load event. Please make sure it has an appropriate `as` value and it is preloaded intentionally. @ http://localhost:3000/category/acessrios:0
[  109797ms] [WARNING] The resource http://localhost:3000/_next/static/css/app/layout.css?v=1771143638396 was preloaded using link preload but not used within a few seconds from the window's load event. Please make sure it has an appropriate `as` value and it is preloaded intentionally. @ http://localhost:3000/category/acessrios:0
[  113838ms] [WARNING] The resource http://localhost:3000/_next/static/css/app/layout.css?v=1771143643829 was preloaded using link preload but not used within a few seconds from the window's load event. Please make sure it has an appropriate `as` value and it is preloaded intentionally. @ http://localhost:3000/category/acessrios:0
[  113838ms] [WARNING] The resource http://localhost:3000/_next/static/css/app/layout.css?v=1771143638396 was preloaded using link preload but not used within a few seconds from the window's load event. Please make sure it has an appropriate `as` value and it is preloaded intentionally. @ http://localhost:3000/category/acessrios:0
[  117867ms] [WARNING] The resource http://localhost:3000/_next/static/css/app/layout.css?v=1771143643829 was preloaded using link preload but not used within a few seconds from the window's load event. Please make sure it has an appropriate `as` value and it is preloaded intentionally. @ http://localhost:3000/category/acessrios:0
[  117867ms] [WARNING] The resource http://localhost:3000/_next/static/css/app/layout.css?v=1771143638396 was preloaded using link preload but not used within a few seconds from the window's load event. Please make sure it has an appropriate `as` value and it is preloaded intentionally. @ http://localhost:3000/category/acessrios:0
[  121905ms] [WARNING] The resource http://localhost:3000/_next/static/css/app/layout.css?v=1771143643829 was preloaded using link preload but not used within a few seconds from the window's load event. Please make sure it has an appropriate `as` value and it is preloaded intentionally. @ http://localhost:3000/category/acessrios:0
[  121905ms] [WARNING] The resource http://localhost:3000/_next/static/css/app/layout.css?v=1771143638396 was preloaded using link preload but not used within a few seconds from the window's load event. Please make sure it has an appropriate `as` value and it is preloaded intentionally. @ http://localhost:3000/category/acessrios:0
[  125732ms] [WARNING] The resource http://localhost:3000/_next/static/css/app/layout.css?v=1771143643829 was preloaded using link preload but not used within a few seconds from the window's load event. Please make sure it has an appropriate `as` value and it is preloaded intentionally. @ http://localhost:3000/category/acessrios:0
[  125732ms] [WARNING] The resource http://localhost:3000/_next/static/css/app/layout.css?v=1771143638396 was preloaded using link preload but not used within a few seconds from the window's load event. Please make sure it has an appropriate `as` value and it is preloaded intentionally. @ http://localhost:3000/category/acessrios:0
[  129581ms] [WARNING] The resource http://localhost:3000/_next/static/css/app/layout.css?v=1771143643829 was preloaded using link preload but not used within a few seconds from the window's load event. Please make sure it has an appropriate `as` value and it is preloaded intentionally. @ http://localhost:3000/category/acessrios:0
[  129581ms] [WARNING] The resource http://localhost:3000/_next/static/css/app/layout.css?v=1771143638396 was preloaded using link preload but not used within a few seconds from the window's load event. Please make sure it has an appropriate `as` value and it is preloaded intentionally. @ http://localhost:3000/category/acessrios:0
[  133675ms] [WARNING] The resource http://localhost:3000/_next/static/css/app/layout.css?v=1771143643829 was preloaded using link preload but not used within a few seconds from the window's load event. Please make sure it has an appropriate `as` value and it is preloaded intentionally. @ http://localhost:3000/category/acessrios:0
[  133675ms] [WARNING] The resource http://localhost:3000/_next/static/css/app/layout.css?v=1771143638396 was preloaded using link preload but not used within a few seconds from the window's load event. Please make sure it has an appropriate `as` value and it is preloaded intentionally. @ http://localhost:3000/category/acessrios:0
[  137715ms] [WARNING] The resource http://localhost:3000/_next/static/css/app/layout.css?v=1771143643829 was preloaded using link preload but not used within a few seconds from the window's load event. Please make sure it has an appropriate `as` value and it is preloaded intentionally. @ http://localhost:3000/category/acessrios:0
[  137716ms] [WARNING] The resource http://localhost:3000/_next/static/css/app/layout.css?v=1771143638396 was preloaded using link preload but not used within a few seconds from the window's load event. Please make sure it has an appropriate `as` value and it is preloaded intentionally. @ http://localhost:3000/category/acessrios:0
[  138563ms] TypeError: Cannot read properties of undefined (reading 'slug')
    at ProductItem (rsc://React/Server/webpack-internal:///(rsc)/./src/components/common/product-item.tsx?29:38:48)
    at resolveErrorDev (webpack-internal:///(app-pages-browser)/./node_modules/next/dist/compiled/react-server-dom-webpack/cjs/react-server-dom-webpack-client.browser.development.js:2170:46)
    at processFullStringRow (webpack-internal:///(app-pages-browser)/./node_modules/next/dist/compiled/react-server-dom-webpack/cjs/react-server-dom-webpack-client.browser.development.js:2616:17)
    at processFullBinaryRow (webpack-internal:///(app-pages-browser)/./node_modules/next/dist/compiled/react-server-dom-webpack/cjs/react-server-dom-webpack-client.browser.development.js:2604:7)
    at processBinaryChunk (webpack-internal:///(app-pages-browser)/./node_modules/next/dist/compiled/react-server-dom-webpack/cjs/react-server-dom-webpack-client.browser.development.js:2731:15)
    at progress (webpack-internal:///(app-pages-browser)/./node_modules/next/dist/compiled/react-server-dom-webpack/cjs/react-server-dom-webpack-client.browser.development.js:2995:13)
[  138853ms] [WARNING] [Fast Refresh] performing full reload because your application had an unrecoverable error @ webpack-internal:///(app-pages-browser)/./node_modules/next/dist/client/dev/hot-reloader/app/hot-reloader-app.js:113
[  139155ms] [WARNING] [Fast Refresh] performing full reload because your application had an unrecoverable error @ webpack-internal:///(app-pages-browser)/./node_modules/next/dist/client/dev/hot-reloader/app/hot-reloader-app.js:113
[  139447ms] [ERROR] Failed to load resource: the server responded with a status of 500 (Internal Server Error) @ http://localhost:3000/category/acessrios:0
[  140240ms] TypeError: Cannot read properties of undefined (reading 'slug')
    at ProductItem (rsc://React/Server/webpack-internal:///(rsc)/./src/components/common/product-item.tsx?6:38:48)
    at resolveErrorDev (webpack-internal:///(app-pages-browser)/./node_modules/next/dist/compiled/react-server-dom-webpack/cjs/react-server-dom-webpack-client.browser.development.js:2170:46)
    at processFullStringRow (webpack-internal:///(app-pages-browser)/./node_modules/next/dist/compiled/react-server-dom-webpack/cjs/react-server-dom-webpack-client.browser.development.js:2616:17)
    at processFullBinaryRow (webpack-internal:///(app-pages-browser)/./node_modules/next/dist/compiled/react-server-dom-webpack/cjs/react-server-dom-webpack-client.browser.development.js:2604:7)
    at processBinaryChunk (webpack-internal:///(app-pages-browser)/./node_modules/next/dist/compiled/react-server-dom-webpack/cjs/react-server-dom-webpack-client.browser.development.js:2731:15)
    at progress (webpack-internal:///(app-pages-browser)/./node_modules/next/dist/compiled/react-server-dom-webpack/cjs/react-server-dom-webpack-client.browser.development.js:2995:13)
[  141958ms] [WARNING] [Fast Refresh] performing full reload because your application had an unrecoverable error @ webpack-internal:///(app-pages-browser)/./node_modules/next/dist/client/dev/hot-reloader/app/hot-reloader-app.js:113
[  142478ms] [WARNING] [Fast Refresh] performing full reload because your application had an unrecoverable error @ webpack-internal:///(app-pages-browser)/./node_modules/next/dist/client/dev/hot-reloader/app/hot-reloader-app.js:113
[  142749ms] [WARNING] [Fast Refresh] performing full reload because your application had an unrecoverable error @ webpack-internal:///(app-pages-browser)/./node_modules/next/dist/client/dev/hot-reloader/app/hot-reloader-app.js:113
[  143033ms] [WARNING] [Fast Refresh] performing full reload because your application had an unrecoverable error @ webpack-internal:///(app-pages-browser)/./node_modules/next/dist/client/dev/hot-reloader/app/hot-reloader-app.js:113
[  143302ms] [WARNING] [Fast Refresh] performing full reload because your application had an unrecoverable error @ webpack-internal:///(app-pages-browser)/./node_modules/next/dist/client/dev/hot-reloader/app/hot-reloader-app.js:113
[  143578ms] [WARNING] [Fast Refresh] performing full reload because your application had an unrecoverable error @ webpack-internal:///(app-pages-browser)/./node_modules/next/dist/client/dev/hot-reloader/app/hot-reloader-app.js:113
[  143844ms] [WARNING] [Fast Refresh] performing full reload because your application had an unrecoverable error @ webpack-internal:///(app-pages-browser)/./node_modules/next/dist/client/dev/hot-reloader/app/hot-reloader-app.js:113
[  144115ms] [WARNING] [Fast Refresh] performing full reload because your application had an unrecoverable error @ webpack-internal:///(app-pages-browser)/./node_modules/next/dist/client/dev/hot-reloader/app/hot-reloader-app.js:113
[  144543ms] [WARNING] [Fast Refresh] performing full reload because your application had an unrecoverable error @ webpack-internal:///(app-pages-browser)/./node_modules/next/dist/client/dev/hot-reloader/app/hot-reloader-app.js:113
[  144983ms] [WARNING] [Fast Refresh] performing full reload because your application had an unrecoverable error @ webpack-internal:///(app-pages-browser)/./node_modules/next/dist/client/dev/hot-reloader/app/hot-reloader-app.js:113
[  145473ms] [WARNING] [Fast Refresh] performing full reload because your application had an unrecoverable error @ webpack-internal:///(app-pages-browser)/./node_modules/next/dist/client/dev/hot-reloader/app/hot-reloader-app.js:113
[  145807ms] [WARNING] [Fast Refresh] performing full reload because your application had an unrecoverable error @ webpack-internal:///(app-pages-browser)/./node_modules/next/dist/client/dev/hot-reloader/app/hot-reloader-app.js:113
[  146233ms] [WARNING] [Fast Refresh] performing full reload because your application had an unrecoverable error @ webpack-internal:///(app-pages-browser)/./node_modules/next/dist/client/dev/hot-reloader/app/hot-reloader-app.js:113
[  146578ms] [WARNING] [Fast Refresh] performing full reload because your application had an unrecoverable error @ webpack-internal:///(app-pages-browser)/./node_modules/next/dist/client/dev/hot-reloader/app/hot-reloader-app.js:113
[  146880ms] [WARNING] [Fast Refresh] performing full reload because your application had an unrecoverable error @ webpack-internal:///(app-pages-browser)/./node_modules/next/dist/client/dev/hot-reloader/app/hot-reloader-app.js:113
[  147198ms] [WARNING] [Fast Refresh] performing full reload because your application had an unrecoverable error @ webpack-internal:///(app-pages-browser)/./node_modules/next/dist/client/dev/hot-reloader/app/hot-reloader-app.js:113
